<?xml version="1.0" encoding="UTF-8"?>
<!-- Generated by org.testng.reporters.JUnitXMLReporter -->
<testsuite ignored="0" hostname="MacBook-Air-163.hsd1.ca.comcast.net" failures="0" tests="8" name="Contacts" time="208.935" errors="0" timestamp="2024-09-25T12:03:26 PDT">
  <testcase classname="com.training.testcases.ContactsTest" name="createNewAccount" time="19.522"/>
  <testcase classname="com.training.testcases.ContactsTest" name="createNewContactError" time="12.243"/>
  <testcase classname="com.training.testcases.ContactsTest" name="createNewViewinContactPage" time="19.179"/>
  <testcase classname="com.training.testcases.ContactsTest" name="gotoMyContactsView" time="26.449"/>
  <testcase classname="com.training.testcases.ContactsTest" name="newViewinContactPageCancel" time="11.851"/>
  <testcase classname="com.training.testcases.ContactsTest" name="newViewinContactPageError" time="25.929"/>
  <testcase classname="com.training.testcases.ContactsTest" name="selectRecentlyCreated" time="23.992"/>
  <testcase classname="com.training.testcases.ContactsTest" name="viewContactName" time="15.227"/>
</testsuite> <!-- Contacts -->
