<?xml version="1.0" encoding="UTF-8"?>
<!-- Generated by org.testng.reporters.JUnitXMLReporter -->
<testsuite ignored="9" hostname="MacBook-Air-163.hsd1.ca.comcast.net" failures="0" tests="1" name="login" time="31.256" errors="0" timestamp="2024-09-25T11:52:40 PDT">
  <testcase classname="com.training.testcases.LoginTest" name="validatelogin" time="20.318"/>
  <testcase classname="com.training.testcases.LoginTest" name="validateLoginForgotPassword" time="0.0">
    <ignored/>
  </testcase> <!-- validateLoginForgotPassword -->
  <testcase classname="com.training.testcases.LoginTest" name="validateRememberMe" time="0.0">
    <ignored/>
  </testcase> <!-- validateRememberMe -->
  <testcase classname="com.training.testcases.LoginTest" name="myProfile" time="0.0">
    <ignored/>
  </testcase> <!-- myProfile -->
  <testcase classname="com.training.testcases.LoginTest" name="validateDevConsole" time="0.0">
    <ignored/>
  </testcase> <!-- validateDevConsole -->
  <testcase classname="com.training.testcases.LoginTest" name="mySettings" time="0.0">
    <ignored/>
  </testcase> <!-- mySettings -->
  <testcase classname="com.training.testcases.LoginTest" name="validateUserMenu" time="0.0">
    <ignored/>
  </testcase> <!-- validateUserMenu -->
  <testcase classname="com.training.testcases.LoginTest" name="validateLoginErrorMessage" time="0.0">
    <ignored/>
  </testcase> <!-- validateLoginErrorMessage -->
  <testcase classname="com.training.testcases.LoginTest" name="invalidlogin" time="0.0">
    <ignored/>
  </testcase> <!-- invalidlogin -->
  <testcase classname="com.training.testcases.LoginTest" name="validateLogout" time="0.0">
    <ignored/>
  </testcase> <!-- validateLogout -->
</testsuite> <!-- login -->
