<?xml version="1.0" encoding="UTF-8"?>
<!-- Generated by org.testng.reporters.JUnitXMLReporter -->
<testsuite ignored="0" hostname="MacBook-Air-163.hsd1.ca.comcast.net" failures="0" tests="5" name="Opportunity" time="165.442" errors="0" timestamp="2024-09-25T11:58:03 PDT">
  <testcase classname="com.training.testcases.OpportunityTest" name="CreateNewOpportunity" time="19.524"/>
  <testcase classname="com.training.testcases.OpportunityTest" name="OpportunitiesDropdown" time="27.692"/>
  <testcase classname="com.training.testcases.OpportunityTest" name="OpportunitiesPipeline" time="26.986"/>
  <testcase classname="com.training.testcases.OpportunityTest" name="QSummaryReport" time="26.947"/>
  <testcase classname="com.training.testcases.OpportunityTest" name="StuckOpportunities" time="29.453"/>
</testsuite> <!-- Opportunity -->
