<?xml version="1.0" encoding="UTF-8"?>
<!-- Generated by org.testng.reporters.JUnitXMLReporter -->
<testsuite hostname="MacBook-Air-163.hsd1.ca.comcast.net" failures="0" tests="8" name="Contacts" time="212.277" errors="0" timestamp="25 Sep 2024 20:20:05 GMT">
  <testcase classname="com.training.testcases.ContactsTest" name="createNewAccount" time="26.203"/>
  <testcase classname="com.training.testcases.ContactsTest" name="createNewContactError" time="10.436"/>
  <testcase classname="com.training.testcases.ContactsTest" name="createNewViewinContactPage" time="25.136"/>
  <testcase classname="com.training.testcases.ContactsTest" name="gotoMyContactsView" time="9.29"/>
  <testcase classname="com.training.testcases.ContactsTest" name="newViewinContactPageCancel" time="25.282"/>
  <testcase classname="com.training.testcases.ContactsTest" name="newViewinContactPageError" time="11.567"/>
  <testcase classname="com.training.testcases.ContactsTest" name="selectRecentlyCreated" time="24.214"/>
  <testcase classname="com.training.testcases.ContactsTest" name="viewContactName" time="25.971"/>
</testsuite> <!-- Contacts -->
