<?xml version="1.0" encoding="UTF-8"?>
<!-- Generated by org.testng.reporters.JUnitXMLReporter -->
<testsuite hostname="MacBook-Air-163.hsd1.ca.comcast.net" failures="0" tests="5" name="Opportunity" time="125.908" errors="0" timestamp="25 Sep 2024 20:15:27 GMT">
  <testcase classname="com.training.testcases.OpportunityTest" name="CreateNewOpportunity" time="14.536"/>
  <testcase classname="com.training.testcases.OpportunityTest" name="OpportunitiesDropdown" time="25.822"/>
  <testcase classname="com.training.testcases.OpportunityTest" name="OpportunitiesPipeline" time="25.222"/>
  <testcase classname="com.training.testcases.OpportunityTest" name="QSummaryReport" time="12.373"/>
  <testcase classname="com.training.testcases.OpportunityTest" name="StuckOpportunities" time="12.059"/>
</testsuite> <!-- Opportunity -->
